[2026-01-04T19:05:07.478+0000] {taskinstance.py:1157} INFO - Dependencies all met for dep_context=non-requeueable deps ti=<TaskInstance: lucca_daily_update.fetch_and_insert_users scheduled__2026-01-04T18:40:00+00:00 [queued]>
[2026-01-04T19:05:07.480+0000] {taskinstance.py:1157} INFO - Dependencies all met for dep_context=requeueable deps ti=<TaskInstance: lucca_daily_update.fetch_and_insert_users scheduled__2026-01-04T18:40:00+00:00 [queued]>
[2026-01-04T19:05:07.480+0000] {taskinstance.py:1359} INFO - Starting attempt 2 of 2
[2026-01-04T19:05:07.484+0000] {taskinstance.py:1380} INFO - Executing <Task(PythonOperator): fetch_and_insert_users> on 2026-01-04 18:40:00+00:00
[2026-01-04T19:05:07.486+0000] {standard_task_runner.py:57} INFO - Started process 308 to run task
[2026-01-04T19:05:07.487+0000] {standard_task_runner.py:84} INFO - Running: ['airflow', 'tasks', 'run', 'lucca_daily_update', 'fetch_and_insert_users', 'scheduled__2026-01-04T18:40:00+00:00', '--job-id', '7', '--raw', '--subdir', 'DAGS_FOLDER/lucca_daily_update.py', '--cfg-path', '/tmp/tmpw6obgux1']
[2026-01-04T19:05:07.488+0000] {standard_task_runner.py:85} INFO - Job 7: Subtask fetch_and_insert_users
[2026-01-04T19:05:07.507+0000] {task_command.py:415} INFO - Running <TaskInstance: lucca_daily_update.fetch_and_insert_users scheduled__2026-01-04T18:40:00+00:00 [running]> on host 05f6d87225c8
[2026-01-04T19:05:07.534+0000] {taskinstance.py:1660} INFO - Exporting env vars: AIRFLOW_CTX_DAG_OWNER='marc' AIRFLOW_CTX_DAG_ID='lucca_daily_update' AIRFLOW_CTX_TASK_ID='fetch_and_insert_users' AIRFLOW_CTX_EXECUTION_DATE='2026-01-04T18:40:00+00:00' AIRFLOW_CTX_TRY_NUMBER='2' AIRFLOW_CTX_DAG_RUN_ID='scheduled__2026-01-04T18:40:00+00:00'
[2026-01-04T19:05:07.535+0000] {logging_mixin.py:151} INFO - Fetching lucca data from API...
[2026-01-04T19:05:07.763+0000] {logging_mixin.py:151} INFO - API response received successfully.
[2026-01-04T19:05:07.768+0000] {taskinstance.py:1935} ERROR - Task failed with exception
Traceback (most recent call last):
  File "/home/airflow/.local/lib/python3.8/site-packages/airflow/operators/python.py", line 192, in execute
    return_value = self.execute_callable()
  File "/home/airflow/.local/lib/python3.8/site-packages/airflow/operators/python.py", line 209, in execute_callable
    return self.python_callable(*self.op_args, **self.op_kwargs)
  File "/opt/airflow/dags/lucca_daily_update.py", line 30, in fetch_and_insert
    cur.execute(
psycopg2.errors.UndefinedTable: relation "users" does not exist
LINE 2:             INSERT INTO users (id, name, mail, employee_numb...
                                ^

[2026-01-04T19:05:07.772+0000] {taskinstance.py:1398} INFO - Marking task as FAILED. dag_id=lucca_daily_update, task_id=fetch_and_insert_users, execution_date=20260104T184000, start_date=20260104T190507, end_date=20260104T190507
[2026-01-04T19:05:07.777+0000] {standard_task_runner.py:104} ERROR - Failed to execute job 7 for task fetch_and_insert_users (relation "users" does not exist
LINE 2:             INSERT INTO users (id, name, mail, employee_numb...
                                ^
; 308)
[2026-01-04T19:05:07.796+0000] {local_task_job_runner.py:228} INFO - Task exited with return code 1
[2026-01-04T19:05:07.804+0000] {taskinstance.py:2776} INFO - 0 downstream tasks scheduled from follow-on schedule check
