[2026-01-04T19:05:06.301+0000] {taskinstance.py:1157} INFO - Dependencies all met for dep_context=non-requeueable deps ti=<TaskInstance: lucca_daily_update.fetch_and_insert_users scheduled__2026-01-04T18:50:00+00:00 [queued]>
[2026-01-04T19:05:06.303+0000] {taskinstance.py:1157} INFO - Dependencies all met for dep_context=requeueable deps ti=<TaskInstance: lucca_daily_update.fetch_and_insert_users scheduled__2026-01-04T18:50:00+00:00 [queued]>
[2026-01-04T19:05:06.303+0000] {taskinstance.py:1359} INFO - Starting attempt 2 of 2
[2026-01-04T19:05:06.307+0000] {taskinstance.py:1380} INFO - Executing <Task(PythonOperator): fetch_and_insert_users> on 2026-01-04 18:50:00+00:00
[2026-01-04T19:05:06.309+0000] {standard_task_runner.py:57} INFO - Started process 304 to run task
[2026-01-04T19:05:06.310+0000] {standard_task_runner.py:84} INFO - Running: ['airflow', 'tasks', 'run', 'lucca_daily_update', 'fetch_and_insert_users', 'scheduled__2026-01-04T18:50:00+00:00', '--job-id', '5', '--raw', '--subdir', 'DAGS_FOLDER/lucca_daily_update.py', '--cfg-path', '/tmp/tmpjeiz4v27']
[2026-01-04T19:05:06.311+0000] {standard_task_runner.py:85} INFO - Job 5: Subtask fetch_and_insert_users
[2026-01-04T19:05:06.331+0000] {task_command.py:415} INFO - Running <TaskInstance: lucca_daily_update.fetch_and_insert_users scheduled__2026-01-04T18:50:00+00:00 [running]> on host 05f6d87225c8
[2026-01-04T19:05:06.359+0000] {taskinstance.py:1660} INFO - Exporting env vars: AIRFLOW_CTX_DAG_OWNER='marc' AIRFLOW_CTX_DAG_ID='lucca_daily_update' AIRFLOW_CTX_TASK_ID='fetch_and_insert_users' AIRFLOW_CTX_EXECUTION_DATE='2026-01-04T18:50:00+00:00' AIRFLOW_CTX_TRY_NUMBER='2' AIRFLOW_CTX_DAG_RUN_ID='scheduled__2026-01-04T18:50:00+00:00'
[2026-01-04T19:05:06.360+0000] {logging_mixin.py:151} INFO - Fetching lucca data from API...
[2026-01-04T19:05:06.893+0000] {logging_mixin.py:151} INFO - API response received successfully.
[2026-01-04T19:05:06.899+0000] {taskinstance.py:1935} ERROR - Task failed with exception
Traceback (most recent call last):
  File "/home/airflow/.local/lib/python3.8/site-packages/airflow/operators/python.py", line 192, in execute
    return_value = self.execute_callable()
  File "/home/airflow/.local/lib/python3.8/site-packages/airflow/operators/python.py", line 209, in execute_callable
    return self.python_callable(*self.op_args, **self.op_kwargs)
  File "/opt/airflow/dags/lucca_daily_update.py", line 30, in fetch_and_insert
    cur.execute(
psycopg2.errors.UndefinedTable: relation "users" does not exist
LINE 2:             INSERT INTO users (id, name, mail, employee_numb...
                                ^

[2026-01-04T19:05:06.906+0000] {taskinstance.py:1398} INFO - Marking task as FAILED. dag_id=lucca_daily_update, task_id=fetch_and_insert_users, execution_date=20260104T185000, start_date=20260104T190506, end_date=20260104T190506
[2026-01-04T19:05:06.913+0000] {standard_task_runner.py:104} ERROR - Failed to execute job 5 for task fetch_and_insert_users (relation "users" does not exist
LINE 2:             INSERT INTO users (id, name, mail, employee_numb...
                                ^
; 304)
[2026-01-04T19:05:06.917+0000] {local_task_job_runner.py:228} INFO - Task exited with return code 1
[2026-01-04T19:05:06.934+0000] {taskinstance.py:2776} INFO - 0 downstream tasks scheduled from follow-on schedule check
