[2026-01-05T13:05:32.303+0000] {taskinstance.py:1157} INFO - Dependencies all met for dep_context=non-requeueable deps ti=<TaskInstance: lucca_daily_update.fetch_and_insert_users manual__2026-01-05T13:05:31.491143+00:00 [queued]>
[2026-01-05T13:05:32.306+0000] {taskinstance.py:1157} INFO - Dependencies all met for dep_context=requeueable deps ti=<TaskInstance: lucca_daily_update.fetch_and_insert_users manual__2026-01-05T13:05:31.491143+00:00 [queued]>
[2026-01-05T13:05:32.306+0000] {taskinstance.py:1359} INFO - Starting attempt 1 of 2
[2026-01-05T13:05:32.310+0000] {taskinstance.py:1380} INFO - Executing <Task(PythonOperator): fetch_and_insert_users> on 2026-01-05 13:05:31.491143+00:00
[2026-01-05T13:05:32.312+0000] {standard_task_runner.py:57} INFO - Started process 4167 to run task
[2026-01-05T13:05:32.313+0000] {standard_task_runner.py:84} INFO - Running: ['airflow', 'tasks', 'run', 'lucca_daily_update', 'fetch_and_insert_users', 'manual__2026-01-05T13:05:31.491143+00:00', '--job-id', '61', '--raw', '--subdir', 'DAGS_FOLDER/lucca_daily_update.py', '--cfg-path', '/tmp/tmp_iy2t13v']
[2026-01-05T13:05:32.314+0000] {standard_task_runner.py:85} INFO - Job 61: Subtask fetch_and_insert_users
[2026-01-05T13:05:32.336+0000] {task_command.py:415} INFO - Running <TaskInstance: lucca_daily_update.fetch_and_insert_users manual__2026-01-05T13:05:31.491143+00:00 [running]> on host 82018c7f7af1
[2026-01-05T13:05:32.366+0000] {taskinstance.py:1660} INFO - Exporting env vars: AIRFLOW_CTX_DAG_OWNER='marc' AIRFLOW_CTX_DAG_ID='lucca_daily_update' AIRFLOW_CTX_TASK_ID='fetch_and_insert_users' AIRFLOW_CTX_EXECUTION_DATE='2026-01-05T13:05:31.491143+00:00' AIRFLOW_CTX_TRY_NUMBER='1' AIRFLOW_CTX_DAG_RUN_ID='manual__2026-01-05T13:05:31.491143+00:00'
[2026-01-05T13:05:32.367+0000] {logging_mixin.py:151} INFO - Fetching lucca data from API...
[2026-01-05T13:05:32.712+0000] {logging_mixin.py:151} INFO - API response received successfully.
[2026-01-05T13:05:32.723+0000] {taskinstance.py:1935} ERROR - Task failed with exception
Traceback (most recent call last):
  File "/home/airflow/.local/lib/python3.8/site-packages/airflow/operators/python.py", line 192, in execute
    return_value = self.execute_callable()
  File "/home/airflow/.local/lib/python3.8/site-packages/airflow/operators/python.py", line 209, in execute_callable
    return self.python_callable(*self.op_args, **self.op_kwargs)
  File "/opt/airflow/dags/lucca_daily_update.py", line 47, in fetch_and_insert
    cur.execute(
psycopg2.errors.UndefinedColumn: column "first_name" of relation "users" does not exist
LINE 2:             INSERT INTO users (id, first_name, last_name, ma...
                                           ^

[2026-01-05T13:05:32.732+0000] {taskinstance.py:1398} INFO - Marking task as UP_FOR_RETRY. dag_id=lucca_daily_update, task_id=fetch_and_insert_users, execution_date=20260105T130531, start_date=20260105T130532, end_date=20260105T130532
[2026-01-05T13:05:32.740+0000] {standard_task_runner.py:104} ERROR - Failed to execute job 61 for task fetch_and_insert_users (column "first_name" of relation "users" does not exist
LINE 2:             INSERT INTO users (id, first_name, last_name, ma...
                                           ^
; 4167)
[2026-01-05T13:05:32.753+0000] {local_task_job_runner.py:228} INFO - Task exited with return code 1
[2026-01-05T13:05:32.765+0000] {taskinstance.py:2776} INFO - 0 downstream tasks scheduled from follow-on schedule check
